app/build/intermediates/manifest_merge_blame_file/debug/manifest-merger-blame-debug-report.txt
1<?xml version="1.0" encoding="utf-8"?>
2<manifest xmlns:android="http://schemas.android.com/apk/res/android"
3    package="com.example.kidi2"
4    android:versionCode="1"
5    android:versionName="1.0" >
6
7    <uses-sdk
8        android:minSdkVersion="19"
8-->src\main\AndroidManifest.xml
9        android:targetSdkVersion="30" />
9-->src\main\AndroidManifest.xml
10
11    <uses-permission android:name="android.permission.INTERNET" />
11-->src\main\AndroidManifest.xml:5:5-67
11-->src\main\AndroidManifest.xml:5:22-64
12
13    <application
13-->src\main\AndroidManifest.xml:7:5-100:19
14        android:allowBackup="true"
14-->src\main\AndroidManifest.xml:8:9-35
15        android:appComponentFactory="androidx.core.app.CoreComponentFactory"
15-->[androidx.core:core:1.5.0] AndroidManifest.xml:24:18-86
16        android:debuggable="true"
17        android:icon="@mipmap/ic_launcher"
17-->src\main\AndroidManifest.xml:9:9-43
18        android:label="@string/app_name"
18-->src\main\AndroidManifest.xml:10:9-41
19        android:roundIcon="@mipmap/ic_launcher_round"
19-->src\main\AndroidManifest.xml:11:9-54
20        android:supportsRtl="true"
20-->src\main\AndroidManifest.xml:12:9-35
21        android:testOnly="true"
22        android:theme="@style/AppTheme.NoActionBar"
22-->src\main\AndroidManifest.xml:13:9-52
23        android:usesCleartextTraffic="true" >
23-->src\main\AndroidManifest.xml:14:9-44
24        <activity
24-->src\main\AndroidManifest.xml:15:9-17:39
25            android:name="com.example.kidi2.LeaderPerCourse"
25-->src\main\AndroidManifest.xml:16:13-44
26            android:exported="true" />
26-->src\main\AndroidManifest.xml:17:13-36
27        <activity
27-->src\main\AndroidManifest.xml:18:9-20:39
28            android:name="com.example.kidi2.ChatLeader"
28-->src\main\AndroidManifest.xml:19:13-39
29            android:exported="true" />
29-->src\main\AndroidManifest.xml:20:13-36
30        <activity
30-->src\main\AndroidManifest.xml:21:9-23:39
31            android:name="com.example.kidi2.Notifications"
31-->src\main\AndroidManifest.xml:22:13-42
32            android:exported="true" />
32-->src\main\AndroidManifest.xml:23:13-36
33        <activity
33-->src\main\AndroidManifest.xml:24:9-26:39
34            android:name="com.example.kidi2.AdminUpdateCourse"
34-->src\main\AndroidManifest.xml:25:13-46
35            android:exported="true" />
35-->src\main\AndroidManifest.xml:26:13-36
36        <activity
36-->src\main\AndroidManifest.xml:27:9-29:39
37            android:name="com.example.kidi2.LeaderFirstLoginActivity"
37-->src\main\AndroidManifest.xml:28:13-53
38            android:exported="true" />
38-->src\main\AndroidManifest.xml:29:13-36
39        <activity
39-->src\main\AndroidManifest.xml:30:9-32:39
40            android:name="com.example.kidi2.AdminSetLeader"
40-->src\main\AndroidManifest.xml:31:13-43
41            android:exported="true" /> <!-- ACTIVITIES -->
41-->src\main\AndroidManifest.xml:32:13-36
42        <activity
42-->src\main\AndroidManifest.xml:33:9-37:20
43            android:name="com.example.kidi2.ForthParentReg"
43-->src\main\AndroidManifest.xml:34:13-43
44            android:exported="true" > <!-- ACTIVITIES -->
44-->src\main\AndroidManifest.xml:35:13-36
45
46        </activity> <!-- FIRST SCREEN -->
47        <activity
47-->src\main\AndroidManifest.xml:38:9-46:20
48            android:name="com.example.kidi2.FirstScreen"
48-->src\main\AndroidManifest.xml:39:13-40
49            android:exported="true" >
49-->src\main\AndroidManifest.xml:40:13-36
50            <intent-filter>
50-->src\main\AndroidManifest.xml:41:13-45:29
51                <action android:name="android.intent.action.MAIN" />
51-->src\main\AndroidManifest.xml:42:17-69
51-->src\main\AndroidManifest.xml:42:25-66
52
53                <category android:name="android.intent.category.LAUNCHER" />
53-->src\main\AndroidManifest.xml:44:17-77
53-->src\main\AndroidManifest.xml:44:27-74
54            </intent-filter>
55        </activity> <!-- HOME LOGIN -->
56        <activity
56-->src\main\AndroidManifest.xml:47:9-49:39
57            android:name="com.example.kidi2.HomeLogin"
57-->src\main\AndroidManifest.xml:48:13-38
58            android:exported="true" /> <!-- KID NAME -->
58-->src\main\AndroidManifest.xml:49:13-36
59        <activity
59-->src\main\AndroidManifest.xml:50:9-52:48
60            android:name="com.example.kidi2.KidName"
60-->src\main\AndroidManifest.xml:51:13-36
61            android:exported="true" /> <!-- ACTIVITY -->
61-->src\main\AndroidManifest.xml:52:13-36
62        <activity
62-->src\main\AndroidManifest.xml:53:9-55:39
63            android:name="com.example.kidi2.Activity"
63-->src\main\AndroidManifest.xml:54:13-37
64            android:exported="true" />
64-->src\main\AndroidManifest.xml:55:13-36
65        <activity
65-->src\main\AndroidManifest.xml:56:9-58:39
66            android:name="com.example.kidi2.LogInScreenActivity"
66-->src\main\AndroidManifest.xml:57:13-48
67            android:exported="true" />
67-->src\main\AndroidManifest.xml:58:13-36
68        <activity
68-->src\main\AndroidManifest.xml:59:9-61:48
69            android:name="com.example.kidi2.ThirdParentRegActivity"
69-->src\main\AndroidManifest.xml:60:13-51
70            android:exported="true" />
70-->src\main\AndroidManifest.xml:61:13-36
71        <activity
71-->src\main\AndroidManifest.xml:62:9-64:39
72            android:name="com.example.kidi2.Addactivity"
72-->src\main\AndroidManifest.xml:63:13-40
73            android:exported="true" /> <!-- feisal and yael activities -->
73-->src\main\AndroidManifest.xml:64:13-36
74        <activity
74-->src\main\AndroidManifest.xml:65:9-67:48
75            android:name="com.example.kidi2.AdminSetCourse"
75-->src\main\AndroidManifest.xml:66:13-43
76            android:exported="true" />
76-->src\main\AndroidManifest.xml:67:13-36
77        <activity
77-->src\main\AndroidManifest.xml:68:9-70:39
78            android:name="com.example.kidi2.AdminAddCourse"
78-->src\main\AndroidManifest.xml:69:13-43
79            android:exported="true" />
79-->src\main\AndroidManifest.xml:70:13-36
80        <activity
80-->src\main\AndroidManifest.xml:71:9-73:39
81            android:name="com.example.kidi2.FirstParentReg"
81-->src\main\AndroidManifest.xml:72:13-43
82            android:exported="true" /> <!-- muhanad activities -->
82-->src\main\AndroidManifest.xml:73:13-36
83        <activity
83-->src\main\AndroidManifest.xml:74:9-76:39
84            android:name="com.example.kidi2.FirstParentRegReal"
84-->src\main\AndroidManifest.xml:75:13-47
85            android:exported="true" />
85-->src\main\AndroidManifest.xml:76:13-36
86        <activity
86-->src\main\AndroidManifest.xml:77:9-79:39
87            android:name="com.example.kidi2.AdminMainActivity"
87-->src\main\AndroidManifest.xml:78:13-46
88            android:exported="true" />
88-->src\main\AndroidManifest.xml:79:13-36
89        <activity
89-->src\main\AndroidManifest.xml:80:9-82:48
90            android:name="com.example.kidi2.LinksActivity"
90-->src\main\AndroidManifest.xml:81:13-42
91            android:exported="true" />
91-->src\main\AndroidManifest.xml:82:13-36
92        <activity
92-->src\main\AndroidManifest.xml:83:9-85:39
93            android:name="com.example.kidi2.webViewBrowser"
93-->src\main\AndroidManifest.xml:84:13-43
94            android:exported="true" />
94-->src\main\AndroidManifest.xml:85:13-36
95        <activity
95-->src\main\AndroidManifest.xml:86:9-88:39
96            android:name="com.example.kidi2.ParentProfileActivity"
96-->src\main\AndroidManifest.xml:87:13-50
97            android:exported="true" />
97-->src\main\AndroidManifest.xml:88:13-36
98        <activity
98-->src\main\AndroidManifest.xml:89:9-91:39
99            android:name="com.example.kidi2.AdminAddLeader"
99-->src\main\AndroidManifest.xml:90:13-43
100            android:exported="true" />
100-->src\main\AndroidManifest.xml:91:13-36
101        <activity
101-->src\main\AndroidManifest.xml:92:9-94:39
102            android:name="com.example.kidi2.AddKidActivity"
102-->src\main\AndroidManifest.xml:93:13-43
103            android:exported="true" />
103-->src\main\AndroidManifest.xml:94:13-36
104        <activity
104-->src\main\AndroidManifest.xml:96:9-98:39
105            android:name="com.example.kidi2.AdminSetUser"
105-->src\main\AndroidManifest.xml:97:13-41
106            android:exported="true" />
106-->src\main\AndroidManifest.xml:98:13-36
107    </application>
108
109</manifest>